<?xml version="1.0" encoding="UTF-8"?>
<!-- Generated by org.testng.reporters.JUnitXMLReporter -->
<testsuite ignored="0" hostname="PC1" failures="0" tests="5" name="Default test" time="7.807" errors="0" timestamp="12 Oct. 2022 16:23:13 GMT">
  <testcase classname="com.employeeapi.testCases.Tc004_PUT_Employee_Record" name="chechStatusLine" time="0.006"/>
  <testcase classname="com.employeeapi.testCases.Tc004_PUT_Employee_Record" name="checkContentType" time="0.003"/>
  <testcase classname="com.employeeapi.testCases.Tc004_PUT_Employee_Record" name="checkResponseBody" time="0.015"/>
  <testcase classname="com.employeeapi.testCases.Tc004_PUT_Employee_Record" name="checkStatuscode" time="0.001"/>
  <testcase classname="com.employeeapi.testCases.Tc004_PUT_Employee_Record" name="checkserverType" time="0.002"/>
</testsuite> <!-- Default test -->
