<?xml version="1.0" encoding="UTF-8"?>
<testng-results ignored="0" total="5" passed="5" failed="0" skipped="0">
  <reporter-output>
  </reporter-output>
  <suite started-at="2022-10-12T16:23:05Z" name="Default suite" finished-at="2022-10-12T16:23:13Z" duration-ms="7807">
    <groups>
    </groups>
    <test started-at="2022-10-12T16:23:05Z" name="Default test" finished-at="2022-10-12T16:23:13Z" duration-ms="7807">
      <class name="com.employeeapi.testCases.Tc004_PUT_Employee_Record">
        <test-method is-config="true" signature="setup()[pri:0, instance:com.employeeapi.testCases.Tc004_PUT_Employee_Record@3f56875e]" started-at="2022-10-12T16:23:05Z" name="setup" finished-at="2022-10-12T16:23:05Z" duration-ms="172" status="PASS">
          <reporter-output>
          </reporter-output>
        </test-method> <!-- setup -->
        <test-method is-config="true" signature="updateEmployee()[pri:0, instance:com.employeeapi.testCases.Tc004_PUT_Employee_Record@3f56875e]" started-at="2022-10-12T16:23:05Z" name="updateEmployee" finished-at="2022-10-12T16:23:13Z" duration-ms="7572" status="PASS">
          <reporter-output>
          </reporter-output>
        </test-method> <!-- updateEmployee -->
        <test-method signature="chechStatusLine()[pri:0, instance:com.employeeapi.testCases.Tc004_PUT_Employee_Record@3f56875e]" started-at="2022-10-12T16:23:13Z" name="chechStatusLine" finished-at="2022-10-12T16:23:13Z" duration-ms="6" status="PASS">
          <reporter-output>
          </reporter-output>
        </test-method> <!-- chechStatusLine -->
        <test-method signature="checkContentType()[pri:0, instance:com.employeeapi.testCases.Tc004_PUT_Employee_Record@3f56875e]" started-at="2022-10-12T16:23:13Z" name="checkContentType" finished-at="2022-10-12T16:23:13Z" duration-ms="3" status="PASS">
          <reporter-output>
          </reporter-output>
        </test-method> <!-- checkContentType -->
        <test-method signature="checkResponseBody()[pri:0, instance:com.employeeapi.testCases.Tc004_PUT_Employee_Record@3f56875e]" started-at="2022-10-12T16:23:13Z" name="checkResponseBody" finished-at="2022-10-12T16:23:13Z" duration-ms="15" status="PASS">
          <reporter-output>
          </reporter-output>
        </test-method> <!-- checkResponseBody -->
        <test-method signature="checkStatuscode()[pri:0, instance:com.employeeapi.testCases.Tc004_PUT_Employee_Record@3f56875e]" started-at="2022-10-12T16:23:13Z" name="checkStatuscode" finished-at="2022-10-12T16:23:13Z" duration-ms="1" status="PASS">
          <reporter-output>
          </reporter-output>
        </test-method> <!-- checkStatuscode -->
        <test-method signature="checkserverType()[pri:0, instance:com.employeeapi.testCases.Tc004_PUT_Employee_Record@3f56875e]" started-at="2022-10-12T16:23:13Z" name="checkserverType" finished-at="2022-10-12T16:23:13Z" duration-ms="2" status="PASS">
          <reporter-output>
          </reporter-output>
        </test-method> <!-- checkserverType -->
        <test-method is-config="true" signature="tearDown()[pri:0, instance:com.employeeapi.testCases.Tc004_PUT_Employee_Record@3f56875e]" started-at="2022-10-12T16:23:13Z" name="tearDown" finished-at="2022-10-12T16:23:13Z" duration-ms="1" status="PASS">
          <reporter-output>
          </reporter-output>
        </test-method> <!-- tearDown -->
      </class> <!-- com.employeeapi.testCases.Tc004_PUT_Employee_Record -->
    </test> <!-- Default test -->
  </suite> <!-- Default suite -->
</testng-results>
